<?xml version="1.0" encoding="UTF-8"?>
<!-- Generated by org.testng.reporters.JUnitXMLReporter -->
<testsuite ignored="1" hostname="AgBe" failures="0" tests="9" name="AndroidAppTests" time="20.309" errors="0" timestamp="2025-07-09T16:08:41 IST">
  <testcase classname="com.tvs.pgm.twoW.mobile.tests.LoginTest" name="locationPermissionText" time="0.709"/>
  <testcase classname="com.tvs.pgm.twoW.mobile.tests.LoginTest" name="clickLocationPermssionWhileUsing" time="0.113"/>
  <testcase classname="com.tvs.pgm.twoW.mobile.tests.LoginTest" name="testTextField" time="0.428"/>
  <testcase classname="com.tvs.pgm.twoW.mobile.tests.LoginTest" name="wrongMobileNumber" time="2.759"/>
  <testcase classname="com.tvs.pgm.twoW.mobile.tests.LoginTest" name="enterMob" time="1.927"/>
  <testcase classname="com.tvs.pgm.twoW.mobile.tests.LoginTest" name="clickVerifyNumberButton" time="1.406"/>
  <testcase classname="com.tvs.pgm.twoW.mobile.tests.LoginTest" name="isVerifyEnterOtpText" time="5.54"/>
  <testcase classname="com.tvs.pgm.twoW.mobile.tests.LoginTest" name="clickEnterOtp" time="0.001"/>
  <testcase classname="com.tvs.pgm.twoW.mobile.tests.LoginTest" name="enterOtpNo" time="2.167"/>
  <testcase classname="com.tvs.pgm.twoW.mobile.tests.BaseTest" name="@AfterSuite tearDown" time="0.0">
    <ignored/>
  </testcase> <!-- @AfterSuite tearDown -->
</testsuite> <!-- AndroidAppTests -->
