<?xml version="1.0" encoding="UTF-8"?>
<!-- Generated by org.testng.reporters.JUnitXMLReporter -->
<testsuite ignored="14" hostname="AgBe" failures="14" tests="14" name="QueryTests" time="0.081" errors="0" timestamp="2025-07-14T19:15:36 IST">
  <testcase classname="com.tvs.pgm.twoW.mobile.tests.DashboardTest" name="verifygetHelpText" time="0.001">
    <failure type="java.lang.NullPointerException" message="Cannot invoke &amp;quot;com.tvs.pgm.twoW.mobile.pages.DashboardPage.getHelpText()&amp;quot; because &amp;quot;this.dashboardPage&amp;quot; is null">
      <![CDATA[java.lang.NullPointerException: Cannot invoke "com.tvs.pgm.twoW.mobile.pages.DashboardPage.getHelpText()" because "this.dashboardPage" is null
at com.tvs.pgm.twoW.mobile.tests.DashboardTest.verifygetHelpText(DashboardTest.java:104)
at java.base/java.util.ArrayList.forEach(ArrayList.java:1511)
... Removed 27 stack frames]]>
    </failure>
  </testcase> <!-- verifygetHelpText -->
  <testcase classname="com.tvs.pgm.twoW.mobile.tests.DashboardTest" name="clickOnHelp" time="0.005">
    <failure type="java.lang.NullPointerException" message="Cannot invoke &amp;quot;com.tvs.pgm.twoW.mobile.pages.DashboardPage.clickOnHelp()&amp;quot; because &amp;quot;this.dashboardPage&amp;quot; is null">
      <![CDATA[java.lang.NullPointerException: Cannot invoke "com.tvs.pgm.twoW.mobile.pages.DashboardPage.clickOnHelp()" because "this.dashboardPage" is null
at com.tvs.pgm.twoW.mobile.tests.DashboardTest.clickOnHelp(DashboardTest.java:110)
at java.base/java.util.ArrayList.forEach(ArrayList.java:1511)
... Removed 27 stack frames]]>
    </failure>
  </testcase> <!-- clickOnHelp -->
  <testcase classname="com.tvs.pgm.twoW.mobile.tests.DashboardTest" name="verifyCreateOrRequestQueryText" time="0.003">
    <failure type="java.lang.NullPointerException" message="Cannot invoke &amp;quot;com.tvs.pgm.twoW.mobile.pages.DashboardPage.getCreateOrRequestQueryText()&amp;quot; because &amp;quot;this.dashboardPage&amp;quot; is null">
      <![CDATA[java.lang.NullPointerException: Cannot invoke "com.tvs.pgm.twoW.mobile.pages.DashboardPage.getCreateOrRequestQueryText()" because "this.dashboardPage" is null
at com.tvs.pgm.twoW.mobile.tests.DashboardTest.verifyCreateOrRequestQueryText(DashboardTest.java:115)
at java.base/java.util.ArrayList.forEach(ArrayList.java:1511)
... Removed 27 stack frames]]>
    </failure>
  </testcase> <!-- verifyCreateOrRequestQueryText -->
  <testcase classname="com.tvs.pgm.twoW.mobile.tests.DashboardTest" name="clickCreateOrRequestQuery" time="0.001">
    <failure type="java.lang.NullPointerException" message="Cannot invoke &amp;quot;com.tvs.pgm.twoW.mobile.pages.DashboardPage.clickOnCreateOrRequestQuery()&amp;quot; because &amp;quot;this.dashboardPage&amp;quot; is null">
      <![CDATA[java.lang.NullPointerException: Cannot invoke "com.tvs.pgm.twoW.mobile.pages.DashboardPage.clickOnCreateOrRequestQuery()" because "this.dashboardPage" is null
at com.tvs.pgm.twoW.mobile.tests.DashboardTest.clickCreateOrRequestQuery(DashboardTest.java:121)
at java.base/java.util.ArrayList.forEach(ArrayList.java:1511)
... Removed 27 stack frames]]>
    </failure>
  </testcase> <!-- clickCreateOrRequestQuery -->
  <testcase classname="com.tvs.pgm.twoW.mobile.tests.DashboardTest" name="verifyQueryTitleText" time="0.003">
    <failure type="java.lang.NullPointerException" message="Cannot invoke &amp;quot;com.tvs.pgm.twoW.mobile.pages.DashboardPage.getQueryTitleText()&amp;quot; because &amp;quot;this.dashboardPage&amp;quot; is null">
      <![CDATA[java.lang.NullPointerException: Cannot invoke "com.tvs.pgm.twoW.mobile.pages.DashboardPage.getQueryTitleText()" because "this.dashboardPage" is null
at com.tvs.pgm.twoW.mobile.tests.DashboardTest.verifyQueryTitleText(DashboardTest.java:126)
at java.base/java.util.ArrayList.forEach(ArrayList.java:1511)
... Removed 27 stack frames]]>
    </failure>
  </testcase> <!-- verifyQueryTitleText -->
  <testcase classname="com.tvs.pgm.twoW.mobile.tests.DashboardTest" name="clickAndEnterQueryTitle" time="0.001">
    <failure type="java.lang.NullPointerException" message="Cannot invoke &amp;quot;com.tvs.pgm.twoW.mobile.pages.DashboardPage.clickOnAndAddQueryTitle()&amp;quot; because &amp;quot;this.dashboardPage&amp;quot; is null">
      <![CDATA[java.lang.NullPointerException: Cannot invoke "com.tvs.pgm.twoW.mobile.pages.DashboardPage.clickOnAndAddQueryTitle()" because "this.dashboardPage" is null
at com.tvs.pgm.twoW.mobile.tests.DashboardTest.clickAndEnterQueryTitle(DashboardTest.java:132)
at java.base/java.util.ArrayList.forEach(ArrayList.java:1511)
... Removed 27 stack frames]]>
    </failure>
  </testcase> <!-- clickAndEnterQueryTitle -->
  <testcase classname="com.tvs.pgm.twoW.mobile.tests.DashboardTest" name="verifySelectCategoryText" time="0.001">
    <failure type="java.lang.NullPointerException" message="Cannot invoke &amp;quot;com.tvs.pgm.twoW.mobile.pages.DashboardPage.getSelectCategoryText()&amp;quot; because &amp;quot;this.dashboardPage&amp;quot; is null">
      <![CDATA[java.lang.NullPointerException: Cannot invoke "com.tvs.pgm.twoW.mobile.pages.DashboardPage.getSelectCategoryText()" because "this.dashboardPage" is null
at com.tvs.pgm.twoW.mobile.tests.DashboardTest.verifySelectCategoryText(DashboardTest.java:137)
at java.base/java.util.ArrayList.forEach(ArrayList.java:1511)
... Removed 27 stack frames]]>
    </failure>
  </testcase> <!-- verifySelectCategoryText -->
  <testcase classname="com.tvs.pgm.twoW.mobile.tests.DashboardTest" name="clickOnSelectCategory" time="0.002">
    <failure type="java.lang.NullPointerException" message="Cannot invoke &amp;quot;com.tvs.pgm.twoW.mobile.pages.DashboardPage.clickOnSelectCategory()&amp;quot; because &amp;quot;this.dashboardPage&amp;quot; is null">
      <![CDATA[java.lang.NullPointerException: Cannot invoke "com.tvs.pgm.twoW.mobile.pages.DashboardPage.clickOnSelectCategory()" because "this.dashboardPage" is null
at com.tvs.pgm.twoW.mobile.tests.DashboardTest.clickOnSelectCategory(DashboardTest.java:143)
at java.base/java.util.ArrayList.forEach(ArrayList.java:1511)
... Removed 27 stack frames]]>
    </failure>
  </testcase> <!-- clickOnSelectCategory -->
  <testcase classname="com.tvs.pgm.twoW.mobile.tests.DashboardTest" name="verifyChooseCategoryText" time="0.001">
    <failure type="java.lang.NullPointerException" message="Cannot invoke &amp;quot;com.tvs.pgm.twoW.mobile.pages.DashboardPage.getChooseCategoryText()&amp;quot; because &amp;quot;this.dashboardPage&amp;quot; is null">
      <![CDATA[java.lang.NullPointerException: Cannot invoke "com.tvs.pgm.twoW.mobile.pages.DashboardPage.getChooseCategoryText()" because "this.dashboardPage" is null
at com.tvs.pgm.twoW.mobile.tests.DashboardTest.verifyChooseCategoryText(DashboardTest.java:148)
at java.base/java.util.ArrayList.forEach(ArrayList.java:1511)
... Removed 27 stack frames]]>
    </failure>
  </testcase> <!-- verifyChooseCategoryText -->
  <testcase classname="com.tvs.pgm.twoW.mobile.tests.DashboardTest" name="clickChooseCategory" time="0.001">
    <failure type="java.lang.NullPointerException" message="Cannot invoke &amp;quot;com.tvs.pgm.twoW.mobile.pages.DashboardPage.clickOnChooseCategory()&amp;quot; because &amp;quot;this.dashboardPage&amp;quot; is null">
      <![CDATA[java.lang.NullPointerException: Cannot invoke "com.tvs.pgm.twoW.mobile.pages.DashboardPage.clickOnChooseCategory()" because "this.dashboardPage" is null
at com.tvs.pgm.twoW.mobile.tests.DashboardTest.clickChooseCategory(DashboardTest.java:154)
at java.base/java.util.ArrayList.forEach(ArrayList.java:1511)
... Removed 27 stack frames]]>
    </failure>
  </testcase> <!-- clickChooseCategory -->
  <testcase classname="com.tvs.pgm.twoW.mobile.tests.DashboardTest" name="verifyAddDescriptionText" time="0.001">
    <failure type="java.lang.NullPointerException" message="Cannot invoke &amp;quot;com.tvs.pgm.twoW.mobile.pages.DashboardPage.getAddDescriptionText()&amp;quot; because &amp;quot;this.dashboardPage&amp;quot; is null">
      <![CDATA[java.lang.NullPointerException: Cannot invoke "com.tvs.pgm.twoW.mobile.pages.DashboardPage.getAddDescriptionText()" because "this.dashboardPage" is null
at com.tvs.pgm.twoW.mobile.tests.DashboardTest.verifyAddDescriptionText(DashboardTest.java:159)
at java.base/java.util.ArrayList.forEach(ArrayList.java:1511)
... Removed 27 stack frames]]>
    </failure>
  </testcase> <!-- verifyAddDescriptionText -->
  <testcase classname="com.tvs.pgm.twoW.mobile.tests.DashboardTest" name="clickAndEnterAddDescription" time="0.007">
    <failure type="java.lang.NullPointerException" message="Cannot invoke &amp;quot;com.tvs.pgm.twoW.mobile.pages.DashboardPage.clickOnAndAddDescription()&amp;quot; because &amp;quot;this.dashboardPage&amp;quot; is null">
      <![CDATA[java.lang.NullPointerException: Cannot invoke "com.tvs.pgm.twoW.mobile.pages.DashboardPage.clickOnAndAddDescription()" because "this.dashboardPage" is null
at com.tvs.pgm.twoW.mobile.tests.DashboardTest.clickAndEnterAddDescription(DashboardTest.java:165)
at java.base/java.util.ArrayList.forEach(ArrayList.java:1511)
... Removed 27 stack frames]]>
    </failure>
  </testcase> <!-- clickAndEnterAddDescription -->
  <testcase classname="com.tvs.pgm.twoW.mobile.tests.DashboardTest" name="verifyCreateQueryText" time="0.005">
    <failure type="java.lang.NullPointerException" message="Cannot invoke &amp;quot;com.tvs.pgm.twoW.mobile.pages.DashboardPage.getCreateQueryText()&amp;quot; because &amp;quot;this.dashboardPage&amp;quot; is null">
      <![CDATA[java.lang.NullPointerException: Cannot invoke "com.tvs.pgm.twoW.mobile.pages.DashboardPage.getCreateQueryText()" because "this.dashboardPage" is null
at com.tvs.pgm.twoW.mobile.tests.DashboardTest.verifyCreateQueryText(DashboardTest.java:170)
at java.base/java.util.ArrayList.forEach(ArrayList.java:1511)
... Removed 27 stack frames]]>
    </failure>
  </testcase> <!-- verifyCreateQueryText -->
  <testcase classname="com.tvs.pgm.twoW.mobile.tests.DashboardTest" name="clickOnCreateQuery" time="0.005">
    <failure type="java.lang.NullPointerException" message="Cannot invoke &amp;quot;com.tvs.pgm.twoW.mobile.pages.DashboardPage.clickOnCreateQuery()&amp;quot; because &amp;quot;this.dashboardPage&amp;quot; is null">
      <![CDATA[java.lang.NullPointerException: Cannot invoke "com.tvs.pgm.twoW.mobile.pages.DashboardPage.clickOnCreateQuery()" because "this.dashboardPage" is null
at com.tvs.pgm.twoW.mobile.tests.DashboardTest.clickOnCreateQuery(DashboardTest.java:176)
at java.base/java.util.ArrayList.forEach(ArrayList.java:1511)
... Removed 27 stack frames]]>
    </failure>
  </testcase> <!-- clickOnCreateQuery -->
  <testcase classname="com.tvs.pgm.twoW.mobile.tests.DashboardTest" name="clickAllowButton" time="0.0">
    <ignored/>
  </testcase> <!-- clickAllowButton -->
  <testcase classname="com.tvs.pgm.twoW.mobile.tests.DashboardTest" name="verifyWhileUsingTheAppText" time="0.0">
    <ignored/>
  </testcase> <!-- verifyWhileUsingTheAppText -->
  <testcase classname="com.tvs.pgm.twoW.mobile.tests.DashboardTest" name="clickBackArrowOnRedeem" time="0.0">
    <ignored/>
  </testcase> <!-- clickBackArrowOnRedeem -->
  <testcase classname="com.tvs.pgm.twoW.mobile.tests.DashboardTest" name="verifyRedeemText" time="0.0">
    <ignored/>
  </testcase> <!-- verifyRedeemText -->
  <testcase classname="com.tvs.pgm.twoW.mobile.tests.DashboardTest" name="clickFindParts" time="0.0">
    <ignored/>
  </testcase> <!-- clickFindParts -->
  <testcase classname="com.tvs.pgm.twoW.mobile.tests.DashboardTest" name="verifyScanForRewardsText" time="0.0">
    <ignored/>
  </testcase> <!-- verifyScanForRewardsText -->
  <testcase classname="com.tvs.pgm.twoW.mobile.tests.DashboardTest" name="clickCancelOnWhatsAppBot" time="0.0">
    <ignored/>
  </testcase> <!-- clickCancelOnWhatsAppBot -->
  <testcase classname="com.tvs.pgm.twoW.mobile.tests.DashboardTest" name="clickWhileUsingTheApp" time="0.0">
    <ignored/>
  </testcase> <!-- clickWhileUsingTheApp -->
  <testcase classname="com.tvs.pgm.twoW.mobile.tests.DashboardTest" name="verifyFindPartsText" time="0.0">
    <ignored/>
  </testcase> <!-- verifyFindPartsText -->
  <testcase classname="com.tvs.pgm.twoW.mobile.tests.DashboardTest" name="verifyNotificationAccessText" time="0.0">
    <ignored/>
  </testcase> <!-- verifyNotificationAccessText -->
  <testcase classname="com.tvs.pgm.twoW.mobile.tests.DashboardTest" name="clickScanForRewardsButton" time="0.0">
    <ignored/>
  </testcase> <!-- clickScanForRewardsButton -->
  <testcase classname="com.tvs.pgm.twoW.mobile.tests.DashboardTest" name="verifyAllowButtonDisplayed" time="0.0">
    <ignored/>
  </testcase> <!-- verifyAllowButtonDisplayed -->
  <testcase classname="com.tvs.pgm.twoW.mobile.tests.DashboardTest" name="clickRedeem" time="0.0">
    <ignored/>
  </testcase> <!-- clickRedeem -->
  <testcase classname="com.tvs.pgm.twoW.mobile.tests.DashboardTest" name="verifyCameraPermissionText" time="0.0">
    <ignored/>
  </testcase> <!-- verifyCameraPermissionText -->
</testsuite> <!-- QueryTests -->
