<?xml version="1.0" encoding="UTF-8"?>
<!-- Generated by org.testng.reporters.JUnitXMLReporter -->
<testsuite ignored="25" hostname="AgBe" failures="1" tests="14" name="RedeemGroupTests" time="26.096" errors="0" timestamp="2025-07-18T20:36:25 IST">
  <testcase classname="com.tvs.pgm.twoW.mobile.tests.DashboardTest" name="verifyRedeemText" time="0.113"/>
  <testcase classname="com.tvs.pgm.twoW.mobile.tests.DashboardTest" name="clickRedeem" time="0.144"/>
  <testcase classname="com.tvs.pgm.twoW.mobile.tests.DashboardTest" name="verifyEnterAmountTextDisplayed" time="1.479">
    <failure type="java.lang.AssertionError" message="Hint text should not be null expected object to not be null">
      <![CDATA[java.lang.AssertionError: Hint text should not be null expected object to not be null
at com.tvs.pgm.twoW.mobile.tests.DashboardTest.verifyEnterAmountTextDisplayed(DashboardTest.java:92)
at java.base/java.util.ArrayList.forEach(ArrayList.java:1511)
... Removed 29 stack frames]]>
    </failure>
  </testcase> <!-- verifyEnterAmountTextDisplayed -->
  <testcase classname="com.tvs.pgm.twoW.mobile.tests.DashboardTest" name="clickAndEnterAmountRedeem" time="3.077"/>
  <testcase classname="com.tvs.pgm.twoW.mobile.tests.DashboardTest" name="verifyRedeemAmountText" time="0.813"/>
  <testcase classname="com.tvs.pgm.twoW.mobile.tests.DashboardTest" name="clickOnRedeemAmountText" time="0.147"/>
  <testcase classname="com.tvs.pgm.twoW.mobile.tests.DashboardTest" name="clickOnRedeemAmount" time="2.669"/>
  <testcase classname="com.tvs.pgm.twoW.mobile.tests.DashboardTest" name="verifyIsRedeemOtpScreenDisplayed" time="0.172"/>
  <testcase classname="com.tvs.pgm.twoW.mobile.tests.DashboardTest" name="clickOtpField" time="0.211"/>
  <testcase classname="com.tvs.pgm.twoW.mobile.tests.DashboardTest" name="enterRedeemOtp" time="2.799"/>
  <testcase classname="com.tvs.pgm.twoW.mobile.tests.DashboardTest" name="verifyIsRedeemSubmitButtonEnable" time="0.968"/>
  <testcase classname="com.tvs.pgm.twoW.mobile.tests.DashboardTest" name="clickOnOtpSubmitButton" time="0.252"/>
  <testcase classname="com.tvs.pgm.twoW.mobile.tests.DashboardTest" name="clickOnMrmNumberOkText" time="1.414"/>
  <testcase classname="com.tvs.pgm.twoW.mobile.tests.DashboardTest" name="clickBackArrowOnRedeem" time="2.766"/>
  <testcase classname="com.tvs.pgm.twoW.mobile.tests.DashboardTest" name="verifyAddDescriptionText" time="0.0">
    <ignored/>
  </testcase> <!-- verifyAddDescriptionText -->
  <testcase classname="com.tvs.pgm.twoW.mobile.tests.DashboardTest" name="verifyScanForRewardsText" time="0.0">
    <ignored/>
  </testcase> <!-- verifyScanForRewardsText -->
  <testcase classname="com.tvs.pgm.twoW.mobile.tests.DashboardTest" name="verifyQueryTitleText" time="0.0">
    <ignored/>
  </testcase> <!-- verifyQueryTitleText -->
  <testcase classname="com.tvs.pgm.twoW.mobile.tests.DashboardTest" name="verifyCreateOrRequestQueryText" time="0.0">
    <ignored/>
  </testcase> <!-- verifyCreateOrRequestQueryText -->
  <testcase classname="com.tvs.pgm.twoW.mobile.tests.DashboardTest" name="verifyFindPartsText" time="0.0">
    <ignored/>
  </testcase> <!-- verifyFindPartsText -->
  <testcase classname="com.tvs.pgm.twoW.mobile.tests.DashboardTest" name="verifyCreateQueryText" time="0.0">
    <ignored/>
  </testcase> <!-- verifyCreateQueryText -->
  <testcase classname="com.tvs.pgm.twoW.mobile.tests.DashboardTest" name="clickOnCreateQuery" time="0.0">
    <ignored/>
  </testcase> <!-- clickOnCreateQuery -->
  <testcase classname="com.tvs.pgm.twoW.mobile.tests.DashboardTest" name="clickCreateOrRequestQuery" time="0.0">
    <ignored/>
  </testcase> <!-- clickCreateOrRequestQuery -->
  <testcase classname="com.tvs.pgm.twoW.mobile.tests.DashboardTest" name="clickFindParts" time="0.0">
    <ignored/>
  </testcase> <!-- clickFindParts -->
  <testcase classname="com.tvs.pgm.twoW.mobile.tests.DashboardTest" name="verifySelectCategoryText" time="0.0">
    <ignored/>
  </testcase> <!-- verifySelectCategoryText -->
  <testcase classname="com.tvs.pgm.twoW.mobile.tests.DashboardTest" name="verifyChooseCategoryText" time="0.0">
    <ignored/>
  </testcase> <!-- verifyChooseCategoryText -->
  <testcase classname="com.tvs.pgm.twoW.mobile.tests.DashboardTest" name="clickAllowButton" time="0.0">
    <ignored/>
  </testcase> <!-- clickAllowButton -->
  <testcase classname="com.tvs.pgm.twoW.mobile.tests.DashboardTest" name="verifyHelpText" time="0.0">
    <ignored/>
  </testcase> <!-- verifyHelpText -->
  <testcase classname="com.tvs.pgm.twoW.mobile.tests.DashboardTest" name="clickScanForRewardsButton" time="0.0">
    <ignored/>
  </testcase> <!-- clickScanForRewardsButton -->
  <testcase classname="com.tvs.pgm.twoW.mobile.tests.DashboardTest" name="clickAndEnterQueryTitle" time="0.0">
    <ignored/>
  </testcase> <!-- clickAndEnterQueryTitle -->
  <testcase classname="com.tvs.pgm.twoW.mobile.tests.DashboardTest" name="clickCancelOnWhatsAppBot" time="0.0">
    <ignored/>
  </testcase> <!-- clickCancelOnWhatsAppBot -->
  <testcase classname="com.tvs.pgm.twoW.mobile.tests.DashboardTest" name="verifyCameraPermissionText" time="0.0">
    <ignored/>
  </testcase> <!-- verifyCameraPermissionText -->
  <testcase classname="com.tvs.pgm.twoW.mobile.tests.DashboardTest" name="clickChooseCategory" time="0.0">
    <ignored/>
  </testcase> <!-- clickChooseCategory -->
  <testcase classname="com.tvs.pgm.twoW.mobile.tests.DashboardTest" name="verifyNotificationAccessText" time="0.0">
    <ignored/>
  </testcase> <!-- verifyNotificationAccessText -->
  <testcase classname="com.tvs.pgm.twoW.mobile.tests.DashboardTest" name="clickWhileUsingTheApp" time="0.0">
    <ignored/>
  </testcase> <!-- clickWhileUsingTheApp -->
  <testcase classname="com.tvs.pgm.twoW.mobile.tests.DashboardTest" name="verifyAllowButtonDisplayed" time="0.0">
    <ignored/>
  </testcase> <!-- verifyAllowButtonDisplayed -->
  <testcase classname="com.tvs.pgm.twoW.mobile.tests.DashboardTest" name="clickAndEnterAddDescription" time="0.0">
    <ignored/>
  </testcase> <!-- clickAndEnterAddDescription -->
  <testcase classname="com.tvs.pgm.twoW.mobile.tests.DashboardTest" name="clickOnSelectCategory" time="0.0">
    <ignored/>
  </testcase> <!-- clickOnSelectCategory -->
  <testcase classname="com.tvs.pgm.twoW.mobile.tests.DashboardTest" name="verifyWhileUsingTheAppText" time="0.0">
    <ignored/>
  </testcase> <!-- verifyWhileUsingTheAppText -->
  <testcase classname="com.tvs.pgm.twoW.mobile.tests.DashboardTest" name="clickOnHelp" time="0.0">
    <ignored/>
  </testcase> <!-- clickOnHelp -->
</testsuite> <!-- RedeemGroupTests -->
